<?xml version="1.0" encoding="UTF-8"?>
<!-- Generated by org.testng.reporters.JUnitXMLReporter -->
<testsuite ignored="5" hostname="PRINHYLTPDL0700" failures="0" tests="1" name="myfirstTest" time="27.541" errors="0" timestamp="16 Aug 2019 10:59:22 GMT">
  <testcase classname="com.Examples.Test3" name="phoneBookMethod" time="9.553"/>
  <testcase classname="com.Examples.Test3" name="holidayListMethod" time="0.0">
    <ignored/>
  </testcase> <!-- holidayListMethod -->
  <testcase classname="com.Examples.Test3" name="learn_pramatiMethod" time="0.0">
    <ignored/>
  </testcase> <!-- learn_pramatiMethod -->
  <testcase classname="com.Examples.Test3" name="printLinks_Titles" time="0.0">
    <ignored/>
  </testcase> <!-- printLinks_Titles -->
  <testcase classname="com.Examples.Test3" name="letsMeetMethod" time="0.0">
    <ignored/>
  </testcase> <!-- letsMeetMethod -->
  <testcase classname="com.Examples.Test3" name="titleMethod" time="0.0">
    <ignored/>
  </testcase> <!-- titleMethod -->
</testsuite> <!-- myfirstTest -->
