<?xml version="1.0" encoding="UTF-8"?>
<!-- Generated by org.testng.reporters.JUnitXMLReporter -->
<testsuite ignored="0" hostname="PRINHYLTPDL0700" failures="1" tests="3" name="Test2(failed)" time="0.085" errors="0" timestamp="14 Aug 2019 11:02:52 GMT">
  <testcase classname="com.runFailedTest.Test2" name="test2" time="0.021">
    <skipped/>
  </testcase> <!-- test2 -->
  <testcase classname="com.runFailedTest.Test2" name="test2" time="0.0">
    <skipped/>
  </testcase> <!-- test2 -->
  <testcase classname="com.runFailedTest.Test2" name="test2" time="0.0">
    <failure type="java.lang.AssertionError" message="expected [true] but found [false]">
      <![CDATA[java.lang.AssertionError: expected [true] but found [false]
at com.runFailedTest.Test2.test2(Test2.java:10)
... Removed 29 stack frames]]>
    </failure>
  </testcase> <!-- test2 -->
</testsuite> <!-- Test2(failed) -->
