<?xml version="1.0" encoding="UTF-8"?>
<testng-results ignored="0" total="1" passed="1" failed="0" skipped="0">
  <reporter-output>
  </reporter-output>
  <suite started-at="2019-09-03T09:35:40Z" name="Default suite" finished-at="2019-09-03T09:35:54Z" duration-ms="14375">
    <groups>
    </groups>
    <test started-at="2019-09-03T09:35:40Z" name="Default test" finished-at="2019-09-03T09:35:54Z" duration-ms="14375">
      <class name="com.keyboard_mouse_events.Right_click">
        <test-method signature="textInCaps()[pri:0, instance:com.keyboard_mouse_events.Right_click@731f8236]" started-at="2019-09-03T09:35:40Z" name="textInCaps" finished-at="2019-09-03T09:35:54Z" duration-ms="14338" status="PASS">
          <reporter-output>
          </reporter-output>
        </test-method> <!-- textInCaps -->
      </class> <!-- com.keyboard_mouse_events.Right_click -->
    </test> <!-- Default test -->
  </suite> <!-- Default suite -->
</testng-results>
