<?xml version="1.0" encoding="UTF-8"?>
<!-- Generated by org.testng.reporters.JUnitXMLReporter -->
<testsuite ignored="0" hostname="PRINHYLTPDL0700" failures="0" tests="14" name="Test" time="0.184" errors="0" timestamp="03 Sep 2019 06:49:56 GMT">
  <testcase classname="com.ParallelTests.AnotherTest" name="func1" time="0.028"/>
  <testcase classname="com.ParallelTests.AnotherTest" name="func3" time="0.028"/>
  <testcase classname="com.ParallelTests.AnotherTest" name="func5" time="0.029"/>
  <testcase classname="com.ParallelTests.AnotherTest" name="func4" time="0.029"/>
  <testcase classname="com.ParallelTests.AnotherTest" name="func1" time="0.028"/>
  <testcase classname="com.ParallelTests.AnotherTest" name="func2" time="0.026"/>
  <testcase classname="com.ParallelTests.AnotherTest" name="func1" time="0.03"/>
  <testcase classname="com.ParallelTests.AnotherTest" name="func1" time="0.008"/>
  <testcase classname="com.ParallelTests.AnotherTest" name="func1" time="0.008"/>
  <testcase classname="com.ParallelTests.AnotherTest" name="func1" time="0.004"/>
  <testcase classname="com.ParallelTests.AnotherTest" name="func1" time="0.008"/>
  <testcase classname="com.ParallelTests.AnotherTest" name="func1" time="0.004"/>
  <testcase classname="com.ParallelTests.AnotherTest" name="func1" time="0.012"/>
  <testcase classname="com.ParallelTests.AnotherTest" name="func1" time="0.004"/>
</testsuite> <!-- Test -->
