<?xml version="1.0" encoding="UTF-8"?>
<!-- Generated by org.testng.reporters.JUnitXMLReporter -->
<testsuite ignored="0" hostname="PRINHYLTPDL0700" failures="0" tests="5" name="myfirstTest" time="0.076" errors="0" timestamp="14 Aug 2019 05:27:19 GMT">
  <testcase classname="com.Task5.Task5_1" name="composeMail" time="0.016"/>
  <testcase classname="com.Task5.Task5_1" name="draftMail" time="0.004"/>
  <testcase classname="com.Task5.Task5_1" name="setUp" time="0.0"/>
  <testcase classname="com.Task5.Task5_1" name="login" time="0.004"/>
  <testcase classname="com.Task5.Task5_1" name="logout" time="0.004"/>
</testsuite> <!-- myfirstTest -->
