<?xml version="1.0" encoding="UTF-8"?>
<!-- Generated by org.testng.reporters.JUnitXMLReporter -->
<testsuite ignored="2" hostname="PRINHYLTPDL0700" failures="0" tests="11" name="Test" time="0.089" errors="0" timestamp="13 Aug 2019 08:21:51 GMT">
  <testcase classname="com.Task1.Task1" name="@BeforeSuite setUpPage" time="0.0">
    <failure type="org.testng.TestNGException" message="
Parameter &amp;apos;url&amp;apos; is required by BeforeSuite on method setUpPage but has not been marked @Optional or defined
in D:\selenium_workspace\ProjectTestNG\testng.xml">
      <![CDATA[org.testng.TestNGException: 
Parameter 'url' is required by BeforeSuite on method setUpPage but has not been marked @Optional or defined
in D:\selenium_workspace\ProjectTestNG\testng.xml
... Removed 17 stack frames]]>
    </failure>
  </testcase> <!-- @BeforeSuite setUpPage -->
  <testcase classname="com.Task3.Task3" name="func1" time="0.0">
    <skipped/>
  </testcase> <!-- func1 -->
  <testcase classname="com.Task3.Task3" name="func2" time="0.0">
    <skipped/>
  </testcase> <!-- func2 -->
  <testcase classname="com.Task3.Task3" name="func3" time="0.0">
    <skipped/>
  </testcase> <!-- func3 -->
  <testcase classname="com.Task3.Task3" name="func4" time="0.0">
    <skipped/>
  </testcase> <!-- func4 -->
  <testcase classname="com.Task3.Task3" name="func5" time="0.0">
    <skipped/>
  </testcase> <!-- func5 -->
  <testcase classname="com.Task3.Task3" name="func6" time="0.0">
    <skipped/>
  </testcase> <!-- func6 -->
  <testcase classname="com.Task3.Task3_2" name="func1" time="0.0">
    <skipped/>
  </testcase> <!-- func1 -->
  <testcase classname="com.Task3.Task3_2" name="func6" time="0.0">
    <skipped/>
  </testcase> <!-- func6 -->
  <testcase classname="com.Task5.Task5" name="composeMail" time="0.0">
    <skipped/>
  </testcase> <!-- composeMail -->
  <testcase classname="com.Task5.Task5" name="draftMail" time="0.0">
    <skipped/>
  </testcase> <!-- draftMail -->
  <testcase classname="com.Task5.Task5" name="setUp" time="0.0">
    <skipped/>
  </testcase> <!-- setUp -->
  <testcase classname="com.Task3.Base" name="@BeforeSuite setUp" time="0.0">
    <ignored/>
  </testcase> <!-- @BeforeSuite setUp -->
  <testcase classname="com.Task2.Task2_1" name="logout" time="0.0">
    <ignored/>
  </testcase> <!-- logout -->
</testsuite> <!-- Test -->
