<?xml version="1.0" encoding="UTF-8"?>
<testng-results ignored="0" total="1" passed="1" failed="0" skipped="0">
  <reporter-output>
  </reporter-output>
  <suite started-at="2019-08-07T09:02:43Z" name="Default suite" finished-at="2019-08-07T09:02:52Z" duration-ms="8839">
    <groups>
    </groups>
    <test started-at="2019-08-07T09:02:43Z" name="Default test" finished-at="2019-08-07T09:02:52Z" duration-ms="8839">
      <class name="com.Test.TestNG.TestingCorridor">
        <test-method signature="setup()[pri:0, instance:com.Test.TestNG.TestingCorridor@20d3d15a]" started-at="2019-08-07T09:02:43Z" name="setup" finished-at="2019-08-07T09:02:52Z" duration-ms="8804" status="PASS">
          <reporter-output>
          </reporter-output>
        </test-method> <!-- setup -->
      </class> <!-- com.Test.TestNG.TestingCorridor -->
    </test> <!-- Default test -->
  </suite> <!-- Default suite -->
</testng-results>
