<?xml version="1.0" encoding="UTF-8"?>
<testng-results ignored="0" total="1" passed="1" failed="0" skipped="0">
  <reporter-output>
  </reporter-output>
  <suite started-at="2019-08-28T09:36:36Z" name="Default suite" finished-at="2019-08-28T09:39:39Z" duration-ms="183542">
    <groups>
    </groups>
    <test started-at="2019-08-28T09:36:36Z" name="Default test" finished-at="2019-08-28T09:39:39Z" duration-ms="183542">
      <class name="com.Task.PhoneBookDoc4">
        <test-method is-config="true" signature="setUp()[pri:0, instance:com.Task.PhoneBookDoc4@52aa2946]" started-at="2019-08-28T09:36:36Z" name="setUp" finished-at="2019-08-28T09:36:53Z" duration-ms="17493" status="PASS">
          <reporter-output>
          </reporter-output>
        </test-method> <!-- setUp -->
        <test-method is-config="true" signature="setUpWeb()[pri:0, instance:com.Task.PhoneBookDoc4@52aa2946]" started-at="2019-08-28T09:36:53Z" name="setUpWeb" finished-at="2019-08-28T09:36:57Z" duration-ms="3780" status="PASS">
          <reporter-output>
          </reporter-output>
        </test-method> <!-- setUpWeb -->
        <test-method signature="phoneBookSearchResult()[pri:0, instance:com.Task.PhoneBookDoc4@52aa2946]" started-at="2019-08-28T09:36:57Z" name="phoneBookSearchResult" finished-at="2019-08-28T09:39:33Z" duration-ms="155593" status="PASS">
          <reporter-output>
          </reporter-output>
        </test-method> <!-- phoneBookSearchResult -->
        <test-method is-config="true" signature="tearDownLogout()[pri:0, instance:com.Task.PhoneBookDoc4@52aa2946]" started-at="2019-08-28T09:39:33Z" name="tearDownLogout" finished-at="2019-08-28T09:39:39Z" duration-ms="6632" status="PASS">
          <reporter-output>
          </reporter-output>
        </test-method> <!-- tearDownLogout -->
        <test-method is-config="true" signature="tearDownSetup()[pri:0, instance:com.Task.PhoneBookDoc4@52aa2946]" started-at="2019-08-28T09:39:39Z" name="tearDownSetup" finished-at="2019-08-28T09:39:39Z" duration-ms="1" status="PASS">
          <reporter-output>
          </reporter-output>
        </test-method> <!-- tearDownSetup -->
      </class> <!-- com.Task.PhoneBookDoc4 -->
    </test> <!-- Default test -->
  </suite> <!-- Default suite -->
</testng-results>
